Added Component: Designator=J?(FP-87438-1043-MFG)
Add component (AddParameter): Name = "Color"; Value = "Natural"; VariantName = "[No Variations]"
Add component (AddParameter): Name = "Contact Material"; Value = "Brass"; VariantName = "[No Variations]"
Add component (AddParameter): Name = "Contact Plating"; Value = "Tin"; VariantName = "[No Variations]"
Add component (AddParameter): Name = "Contact Resistance"; Value = "40mR"; VariantName = "[No Variations]"
Add component (AddParameter): Name = "Current Rating"; Value = "2.5A"; VariantName = "[No Variations]"
Add component (AddParameter): Name = "Flammability Rating"; Value = "UL94 V-0"; VariantName = "[No Variations]"
Add component (AddParameter): Name = "Gender"; Value = "Male"; VariantName = "[No Variations]"
Add component (AddParameter): Name = "Glow Wire Compliant"; Value = "Non-compliant"; VariantName = "[No Variations]"
Add component (AddParameter): Name = "Housing Color"; Value = "Beige"; VariantName = "[No Variations]"
Add component (AddParameter): Name = "Housing Material"; Value = "Thermoplastic"; VariantName = "[No Variations]"
Add component (AddParameter): Name = "Insulation Resistance"; Value = "1GR"; VariantName = "[No Variations]"
Add component (AddParameter): Name = "Lead Free"; Value = "Contains Lead"; VariantName = "[No Variations]"
Add component (AddParameter): Name = "Lead Pitch"; Value = "1.5mm"; VariantName = "[No Variations]"
Add component (AddParameter): Name = "Material"; Value = "Nylon"; VariantName = "[No Variations]"
Add component (AddParameter): Name = "Mating Cycles"; Value = "10"; VariantName = "[No Variations]"
Add component (AddParameter): Name = "Max Operating Temperature"; Value = "105°C"; VariantName = "[No Variations]"
Add component (AddParameter): Name = "Max Voltage Rating (AC)"; Value = "350V"; VariantName = "[No Variations]"
Add component (AddParameter): Name = "Min Operating Temperature"; Value = "-55°C"; VariantName = "[No Variations]"
Add component (AddParameter): Name = "Mount"; Value = "Surface Mount"; VariantName = "[No Variations]"
Add component (AddParameter): Name = "Number of Circuits"; Value = "10"; VariantName = "[No Variations]"
Add component (AddParameter): Name = "Number of Contacts"; Value = "10"; VariantName = "[No Variations]"
Add component (AddParameter): Name = "Number of Positions"; Value = "10"; VariantName = "[No Variations]"
Add component (AddParameter): Name = "Number of Rows"; Value = "1"; VariantName = "[No Variations]"
Add component (AddParameter): Name = "Orientation"; Value = "Right Angle"; VariantName = "[No Variations]"
Add component (AddParameter): Name = "Package Quantity"; Value = "6000"; VariantName = "[No Variations]"
Add component (AddParameter): Name = "Packaging"; Value = "Tape and Reel"; VariantName = "[No Variations]"
Add component (AddParameter): Name = "Pitch"; Value = "1.5mm"; VariantName = "[No Variations]"
Add component (AddParameter): Name = "Radiation Hardening"; Value = "No"; VariantName = "[No Variations]"
Add component (AddParameter): Name = "RoHS Compliant"; Value = "Yes"; VariantName = "[No Variations]"
Add component (AddParameter): Name = "Series"; Value = "Pico-SPOX"; VariantName = "[No Variations]"
Add component (AddParameter): Name = "Termination"; Value = "SMD/SMT"; VariantName = "[No Variations]"
Add component (AddParameter): Name = "Voltage Rating"; Value = "250V"; VariantName = "[No Variations]"
Add component (AddParameter): Name = "Voltage Rating (AC)"; Value = "350V"; VariantName = "[No Variations]"
Add component (AddParameter): Name = "Voltage Rating (DC)"; Value = "350V"; VariantName = "[No Variations]"
Added Component: Designator=UV LED(L1F3U380100004001)
Add component (AddParameter): Name = "Arrow Part Number"; Value = "L1F3-U380100004001"; VariantName = "[No Variations]"
Add component (AddParameter): Name = "Arrow Price/Stock"; Value = "https://www.arrow.com/en/products/l1f3-u380100004001/lumileds?region=nac"; VariantName = "[No Variations]"
Add component (AddParameter): Name = "Datasheet Link"; Value = "https://componentsearchengine.com/Datasheets/1/L1F3-U380100004001.pdf"; VariantName = "[No Variations]"
Add component (AddParameter): Name = "Height"; Value = "0.66mm"; VariantName = "[No Variations]"
Add component (AddParameter): Name = "Manufacturer_Name"; Value = "Lumileds"; VariantName = "[No Variations]"
Add component (AddParameter): Name = "Manufacturer_Part_Number"; Value = "L1F3-U380100004001"; VariantName = "[No Variations]"
Add component (AddParameter): Name = "Mouser Part Number"; Value = "997-L1F3U38010401"; VariantName = "[No Variations]"
Add component (AddParameter): Name = "Mouser Price/Stock"; Value = "https://www.mouser.co.uk/ProductDetail/Lumileds/L1F3-U380100004001?qs=T3oQrply3y9xGBCGNIciEw%3D%3D"; VariantName = "[No Variations]"
Added Component: Designator=UV LED(L1F3U380100004001)
Add component (AddParameter): Name = "Arrow Part Number"; Value = "L1F3-U380100004001"; VariantName = "[No Variations]"
Add component (AddParameter): Name = "Arrow Price/Stock"; Value = "https://www.arrow.com/en/products/l1f3-u380100004001/lumileds?region=nac"; VariantName = "[No Variations]"
Add component (AddParameter): Name = "Datasheet Link"; Value = "https://componentsearchengine.com/Datasheets/1/L1F3-U380100004001.pdf"; VariantName = "[No Variations]"
Add component (AddParameter): Name = "Height"; Value = "0.66mm"; VariantName = "[No Variations]"
Add component (AddParameter): Name = "Manufacturer_Name"; Value = "Lumileds"; VariantName = "[No Variations]"
Add component (AddParameter): Name = "Manufacturer_Part_Number"; Value = "L1F3-U380100004001"; VariantName = "[No Variations]"
Add component (AddParameter): Name = "Mouser Part Number"; Value = "997-L1F3U38010401"; VariantName = "[No Variations]"
Add component (AddParameter): Name = "Mouser Price/Stock"; Value = "https://www.mouser.co.uk/ProductDetail/Lumileds/L1F3-U380100004001?qs=T3oQrply3y9xGBCGNIciEw%3D%3D"; VariantName = "[No Variations]"
Added Component: Designator=UV LED(L1F3U380100004001)
Add component (AddParameter): Name = "Arrow Part Number"; Value = "L1F3-U380100004001"; VariantName = "[No Variations]"
Add component (AddParameter): Name = "Arrow Price/Stock"; Value = "https://www.arrow.com/en/products/l1f3-u380100004001/lumileds?region=nac"; VariantName = "[No Variations]"
Add component (AddParameter): Name = "Datasheet Link"; Value = "https://componentsearchengine.com/Datasheets/1/L1F3-U380100004001.pdf"; VariantName = "[No Variations]"
Add component (AddParameter): Name = "Height"; Value = "0.66mm"; VariantName = "[No Variations]"
Add component (AddParameter): Name = "Manufacturer_Name"; Value = "Lumileds"; VariantName = "[No Variations]"
Add component (AddParameter): Name = "Manufacturer_Part_Number"; Value = "L1F3-U380100004001"; VariantName = "[No Variations]"
Add component (AddParameter): Name = "Mouser Part Number"; Value = "997-L1F3U38010401"; VariantName = "[No Variations]"
Add component (AddParameter): Name = "Mouser Price/Stock"; Value = "https://www.mouser.co.uk/ProductDetail/Lumileds/L1F3-U380100004001?qs=T3oQrply3y9xGBCGNIciEw%3D%3D"; VariantName = "[No Variations]"
Added Component: Designator=UV LED(L1F3U380100004001)
Add component (AddParameter): Name = "Arrow Part Number"; Value = "L1F3-U380100004001"; VariantName = "[No Variations]"
Add component (AddParameter): Name = "Arrow Price/Stock"; Value = "https://www.arrow.com/en/products/l1f3-u380100004001/lumileds?region=nac"; VariantName = "[No Variations]"
Add component (AddParameter): Name = "Datasheet Link"; Value = "https://componentsearchengine.com/Datasheets/1/L1F3-U380100004001.pdf"; VariantName = "[No Variations]"
Add component (AddParameter): Name = "Height"; Value = "0.66mm"; VariantName = "[No Variations]"
Add component (AddParameter): Name = "Manufacturer_Name"; Value = "Lumileds"; VariantName = "[No Variations]"
Add component (AddParameter): Name = "Manufacturer_Part_Number"; Value = "L1F3-U380100004001"; VariantName = "[No Variations]"
Add component (AddParameter): Name = "Mouser Part Number"; Value = "997-L1F3U38010401"; VariantName = "[No Variations]"
Add component (AddParameter): Name = "Mouser Price/Stock"; Value = "https://www.mouser.co.uk/ProductDetail/Lumileds/L1F3-U380100004001?qs=T3oQrply3y9xGBCGNIciEw%3D%3D"; VariantName = "[No Variations]"
Added Component: Designator=UV LED(L1F3U380100004001)
Add component (AddParameter): Name = "Arrow Part Number"; Value = "L1F3-U380100004001"; VariantName = "[No Variations]"
Add component (AddParameter): Name = "Arrow Price/Stock"; Value = "https://www.arrow.com/en/products/l1f3-u380100004001/lumileds?region=nac"; VariantName = "[No Variations]"
Add component (AddParameter): Name = "Datasheet Link"; Value = "https://componentsearchengine.com/Datasheets/1/L1F3-U380100004001.pdf"; VariantName = "[No Variations]"
Add component (AddParameter): Name = "Height"; Value = "0.66mm"; VariantName = "[No Variations]"
Add component (AddParameter): Name = "Manufacturer_Name"; Value = "Lumileds"; VariantName = "[No Variations]"
Add component (AddParameter): Name = "Manufacturer_Part_Number"; Value = "L1F3-U380100004001"; VariantName = "[No Variations]"
Add component (AddParameter): Name = "Mouser Part Number"; Value = "997-L1F3U38010401"; VariantName = "[No Variations]"
Add component (AddParameter): Name = "Mouser Price/Stock"; Value = "https://www.mouser.co.uk/ProductDetail/Lumileds/L1F3-U380100004001?qs=T3oQrply3y9xGBCGNIciEw%3D%3D"; VariantName = "[No Variations]"
Added Component: Designator=UV LED(L1F3U380100004001)
Add component (AddParameter): Name = "Arrow Part Number"; Value = "L1F3-U380100004001"; VariantName = "[No Variations]"
Add component (AddParameter): Name = "Arrow Price/Stock"; Value = "https://www.arrow.com/en/products/l1f3-u380100004001/lumileds?region=nac"; VariantName = "[No Variations]"
Add component (AddParameter): Name = "Datasheet Link"; Value = "https://componentsearchengine.com/Datasheets/1/L1F3-U380100004001.pdf"; VariantName = "[No Variations]"
Add component (AddParameter): Name = "Height"; Value = "0.66mm"; VariantName = "[No Variations]"
Add component (AddParameter): Name = "Manufacturer_Name"; Value = "Lumileds"; VariantName = "[No Variations]"
Add component (AddParameter): Name = "Manufacturer_Part_Number"; Value = "L1F3-U380100004001"; VariantName = "[No Variations]"
Add component (AddParameter): Name = "Mouser Part Number"; Value = "997-L1F3U38010401"; VariantName = "[No Variations]"
Add component (AddParameter): Name = "Mouser Price/Stock"; Value = "https://www.mouser.co.uk/ProductDetail/Lumileds/L1F3-U380100004001?qs=T3oQrply3y9xGBCGNIciEw%3D%3D"; VariantName = "[No Variations]"
Added Component: Designator=UV LED(L1F3U380100004001)
Add component (AddParameter): Name = "Arrow Part Number"; Value = "L1F3-U380100004001"; VariantName = "[No Variations]"
Add component (AddParameter): Name = "Arrow Price/Stock"; Value = "https://www.arrow.com/en/products/l1f3-u380100004001/lumileds?region=nac"; VariantName = "[No Variations]"
Add component (AddParameter): Name = "Datasheet Link"; Value = "https://componentsearchengine.com/Datasheets/1/L1F3-U380100004001.pdf"; VariantName = "[No Variations]"
Add component (AddParameter): Name = "Height"; Value = "0.66mm"; VariantName = "[No Variations]"
Add component (AddParameter): Name = "Manufacturer_Name"; Value = "Lumileds"; VariantName = "[No Variations]"
Add component (AddParameter): Name = "Manufacturer_Part_Number"; Value = "L1F3-U380100004001"; VariantName = "[No Variations]"
Add component (AddParameter): Name = "Mouser Part Number"; Value = "997-L1F3U38010401"; VariantName = "[No Variations]"
Add component (AddParameter): Name = "Mouser Price/Stock"; Value = "https://www.mouser.co.uk/ProductDetail/Lumileds/L1F3-U380100004001?qs=T3oQrply3y9xGBCGNIciEw%3D%3D"; VariantName = "[No Variations]"
Added Component: Designator=UV LED(L1F3U380100004001)
Add component (AddParameter): Name = "Arrow Part Number"; Value = "L1F3-U380100004001"; VariantName = "[No Variations]"
Add component (AddParameter): Name = "Arrow Price/Stock"; Value = "https://www.arrow.com/en/products/l1f3-u380100004001/lumileds?region=nac"; VariantName = "[No Variations]"
Add component (AddParameter): Name = "Datasheet Link"; Value = "https://componentsearchengine.com/Datasheets/1/L1F3-U380100004001.pdf"; VariantName = "[No Variations]"
Add component (AddParameter): Name = "Height"; Value = "0.66mm"; VariantName = "[No Variations]"
Add component (AddParameter): Name = "Manufacturer_Name"; Value = "Lumileds"; VariantName = "[No Variations]"
Add component (AddParameter): Name = "Manufacturer_Part_Number"; Value = "L1F3-U380100004001"; VariantName = "[No Variations]"
Add component (AddParameter): Name = "Mouser Part Number"; Value = "997-L1F3U38010401"; VariantName = "[No Variations]"
Add component (AddParameter): Name = "Mouser Price/Stock"; Value = "https://www.mouser.co.uk/ProductDetail/Lumileds/L1F3-U380100004001?qs=T3oQrply3y9xGBCGNIciEw%3D%3D"; VariantName = "[No Variations]"
Added Pin To Net: NetName=NetJ?_1 Pin=J?-1
Added Pin To Net: NetName=NetJ?_1 Pin=J?-1
Added Pin To Net: NetName=NetJ?_1 Pin=J?-2
Added Pin To Net: NetName=NetJ?_1 Pin=J?-2
Added Pin To Net: NetName=NetJ?_1 Pin=J?-3
Added Pin To Net: NetName=NetJ?_1 Pin=J?-3
Added Pin To Net: NetName=NetJ?_1 Pin=J?-4
Added Pin To Net: NetName=NetJ?_1 Pin=J?-4
Added Pin To Net: NetName=NetJ?_1 Pin=UV LED-1
Added Pin To Net: NetName=NetJ?_1 Pin=UV LED-1
Added Pin To Net: NetName=NetJ?_1 Pin=UV LED-1
Added Pin To Net: NetName=NetJ?_1 Pin=UV LED-1
Added Net: Name=NetJ?_1
Added Pin To Net: NetName=NetJ?_5 Pin=J?-5
Added Pin To Net: NetName=NetJ?_5 Pin=J?-5
Added Pin To Net: NetName=NetJ?_5 Pin=J?-6
Added Pin To Net: NetName=NetJ?_5 Pin=J?-6
Added Pin To Net: NetName=NetJ?_5 Pin=J?-7
Added Pin To Net: NetName=NetJ?_5 Pin=J?-7
Added Pin To Net: NetName=NetJ?_5 Pin=J?-8
Added Pin To Net: NetName=NetJ?_5 Pin=J?-8
Added Pin To Net: NetName=NetJ?_5 Pin=UV LED-2
Added Pin To Net: NetName=NetJ?_5 Pin=UV LED-2
Added Pin To Net: NetName=NetJ?_5 Pin=UV LED-2
Added Pin To Net: NetName=NetJ?_5 Pin=UV LED-2
Added Net: Name=NetJ?_5
Added Pin To Net: NetName=NetUV LED_1 Pin=UV LED-1
Added Pin To Net: NetName=NetUV LED_1 Pin=UV LED-2
Added Net: Name=NetUV LED_1
Add Net: Net with name "NetUV LED_1" already exists
Add Net: Net with name "NetUV LED_1" already exists
Add Net: Net with name "NetUV LED_1" already exists
Added Member To Class: ClassName=UV_LED Member=Component J? 87438-1043
Added Member To Class: ClassName=UV_LED Member=Component UV LED 1A 3.2V
Added Member To Class: ClassName=UV_LED Member=Component UV LED 1A 3.2V
Added Member To Class: ClassName=UV_LED Member=Component UV LED 1A 3.2V
Added Member To Class: ClassName=UV_LED Member=Component UV LED 1A 3.2V
Added Member To Class: ClassName=UV_LED Member=Component UV LED 1A 3.2V
Added Member To Class: ClassName=UV_LED Member=Component UV LED 1A 3.2V
Added Member To Class: ClassName=UV_LED Member=Component UV LED 1A 3.2V
Added Member To Class: ClassName=UV_LED Member=Component UV LED 1A 3.2V
